Created by PLY version 3.11 (http://www.dabeaz.com/ply)

Unused terminals:

    BOOL_AND
    BOOL_OR
    BREAK
    CONTINUE
    DECREMENT
    DISQUALITY
    DO
    EQUALITY
    FALSE
    FLOAT_CONST
    FOR
    GEQ
    INCREMENT
    INT_CONST
    LEQ
    MULTI_COMMENT
    NEW
    NULL
    RETURN
    SING_COMMENT
    STRING_CONST
    SUPER
    THIS
    TRUE

Grammar

Rule 0     S' -> program
Rule 1     program -> class_decl program
Rule 2     program -> empty
Rule 3     class_decl -> CLASS ID ( EXTENDS ID ) { temp_1 }
Rule 4     class_decl -> CLASS ID { temp_1 }
Rule 5     temp_1 -> class_body_decl temp_2
Rule 6     temp_2 -> class_body_decl temp_2
Rule 7     temp_2 -> empty
Rule 8     class_body_decl -> field_decl
Rule 9     class_body_decl -> method_decl
Rule 10    class_body_decl -> constructor_decl
Rule 11    field_decl -> modifier var_decl
Rule 12    modifier -> PUBLIC STATIC
Rule 13    modifier -> PUBLIC
Rule 14    modifier -> PRIVATE STATIC
Rule 15    modifier -> PRIVATE
Rule 16    modifier -> STATIC
Rule 17    modifier -> empty
Rule 18    var_decl -> type variables ;
Rule 19    type -> INT
Rule 20    type -> FLOAT
Rule 21    type -> BOOLEAN
Rule 22    type -> ID
Rule 23    variables -> variable temp_3
Rule 24    temp_3 -> , variable temp_3
Rule 25    temp_3 -> empty
Rule 26    variable -> ID
Rule 27    method_decl -> modifier temp_5 ID ( formals ) block
Rule 28    constructor_decl -> modifier ID ( formals ) block
Rule 29    temp_5 -> type
Rule 30    temp_5 -> VOID
Rule 31    formals -> formal_param temp_6
Rule 32    formals -> empty
Rule 33    temp_6 -> , formal_param temp_6
Rule 34    temp_6 -> empty
Rule 35    formal_param -> type variable
Rule 36    block -> { temp_7 }
Rule 37    temp_7 -> stmt temp_7
Rule 38    temp_7 -> empty
Rule 39    stmt -> IF ( expr ) stmt
Rule 40    stmt -> IF ( expr ) stmt ELSE stmt
Rule 41    stmt -> WHILE ( expr ) stmt
Rule 42    stmt -> block
Rule 43    stmt -> var_decl
Rule 44    stmt -> ;
Rule 45    empty -> <empty>

Terminals, with rules where they appear

(                    : 3 27 28 39 40 41
)                    : 3 27 28 39 40 41
,                    : 24 33
;                    : 18 44
BOOLEAN              : 21
BOOL_AND             : 
BOOL_OR              : 
BREAK                : 
CLASS                : 3 4
CONTINUE             : 
DECREMENT            : 
DISQUALITY           : 
DO                   : 
ELSE                 : 40
EQUALITY             : 
EXTENDS              : 3
FALSE                : 
FLOAT                : 20
FLOAT_CONST          : 
FOR                  : 
GEQ                  : 
ID                   : 3 3 4 22 26 27 28
IF                   : 39 40
INCREMENT            : 
INT                  : 19
INT_CONST            : 
LEQ                  : 
MULTI_COMMENT        : 
NEW                  : 
NULL                 : 
PRIVATE              : 14 15
PUBLIC               : 12 13
RETURN               : 
SING_COMMENT         : 
STATIC               : 12 14 16
STRING_CONST         : 
SUPER                : 
THIS                 : 
TRUE                 : 
VOID                 : 30
WHILE                : 41
error                : 
{                    : 3 4 36
}                    : 3 4 36

Nonterminals, with rules where they appear

block                : 27 28 42
class_body_decl      : 5 6
class_decl           : 1
constructor_decl     : 10
empty                : 2 7 17 25 32 34 38
expr                 : 39 40 41
field_decl           : 8
formal_param         : 31 33
formals              : 27 28
method_decl          : 9
modifier             : 11 27 28
program              : 1 0
stmt                 : 37 39 40 40 41
temp_1               : 3 4
temp_2               : 5 6
temp_3               : 23 24
temp_5               : 27
temp_6               : 31 33
temp_7               : 36 37
type                 : 18 29 35
var_decl             : 11 43
variable             : 23 24 35
variables            : 18

